<?xml version="1.0" encoding="UTF-8"?>
<!-- Generated by org.testng.reporters.JUnitXMLReporter -->
<testsuite hostname="DevelopmentPC" ignored="0" name="Ng1" tests="1" failures="1" timestamp="23 Feb 2020 11:29:08 GMT" time="7.043" errors="0">
  <testcase name="NavigateToHomePage" time="4.14" classname="TestCases.FlipKartHomePage">
    <failure type="java.lang.AssertionError" message="expected [true] but found [false]">
      <![CDATA[java.lang.AssertionError: expected [true] but found [false]
at TestCases.FlipKartHomePage.NavigateToHomePage(FlipKartHomePage.java:58)
... Removed 29 stack frames]]>
    </failure>
  </testcase> <!-- NavigateToHomePage -->
</testsuite> <!-- Ng1 -->
