<?xml version="1.0" encoding="UTF-8"?>
<!-- Generated by org.testng.reporters.JUnitXMLReporter -->
<testsuite hostname="DevelopmentPC" ignored="0" name="Ng2" tests="3" failures="0" timestamp="23 Feb 2020 11:32:45 GMT" time="9.335" errors="0">
  <testcase name="DemoTest1" time="0.0" classname="TestCases.DemoTestCase2"/>
  <testcase name="DemoTest2" time="4.164" classname="TestCases.DemoTestCase2"/>
  <testcase name="DemoTest3" time="0.001" classname="TestCases.DemoTestCase2"/>
</testsuite> <!-- Ng2 -->
